<?xml version="1.0" encoding="UTF-8" ?>
<testsuite tests="10" failures="0" name="CucumberTests.CucumberRunnerTest" time="0.143" errors="10" skipped="0">
  <properties>
[...]
</properties>
  <testcase classname="Test summing" name="Summing with zero" time="0.111">
    <error message="The step &quot;Calculator is started&quot; is undefined. You can implement it using the snippet(s) below:

@Given(&quot;Calculator is started&quot;)
public void calculator_is_started() {
    // Write code here that turns the phrase above into concrete actions
    throw new io.cucumber.java.PendingException();
}


Some other steps were also undefined:

@When(&quot;I add {int} and {int}&quot;)
public void i_add_and(Integer int1, Integer int2) {
    // Write code here that turns the phrase above into concrete actions
    throw new io.cucumber.java.PendingException();
}
@Then(&quot;result is {int}&quot;)
public void result_is(Integer int1) {
    // Write code here that turns the phrase above into concrete actions
    throw new io.cucumber.java.PendingException();
}
" type="io.cucumber.junit.UndefinedStepException">io.cucumber.junit.UndefinedStepException: The step &quot;Calculator is started&quot; is undefined. You can implement it using the snippet(s) below:

@Given(&quot;Calculator is started&quot;)
public void calculator_is_started() {
    // Write code here that turns the phrase above into concrete actions
    throw new io.cucumber.java.PendingException();
}


Some other steps were also undefined:

@When(&quot;I add {int} and {int}&quot;)
public void i_add_and(Integer int1, Integer int2) {
    // Write code here that turns the phrase above into concrete actions
    throw new io.cucumber.java.PendingException();
}
@Then(&quot;result is {int}&quot;)
public void result_is(Integer int1) {
    // Write code here that turns the phrase above into concrete actions
    throw new io.cucumber.java.PendingException();
}

</error>
    <system-out>
Scenario: Summing with zero   &amp;#27;[90m# CucumberTests/Sum.feature:3&amp;#27;[0m
  &amp;#27;[33mGiven &amp;#27;[0m&amp;#27;[33mCalculator is started&amp;#27;[0m &amp;#27;[90m# null&amp;#27;[0m
  &amp;#27;[36mWhen &amp;#27;[0m&amp;#27;[36mI add 0 and 3&amp;#27;[0m          &amp;#27;[90m# null&amp;#27;[0m
  &amp;#27;[36mThen &amp;#27;[0m&amp;#27;[36mresult is 3&amp;#27;[0m            &amp;#27;[90m# null&amp;#27;[0m
</system-out>
  </testcase>
  <testcase classname="Test summing" name="Summing different numbers with zero for result 7" time="0.003">
    <error message="The step &quot;Calculator is started&quot; is undefined. You can implement it using the snippet(s) below:

@Given(&quot;Calculator is started&quot;)
public void calculator_is_started() {
    // Write code here that turns the phrase above into concrete actions
    throw new io.cucumber.java.PendingException();
}


Some other steps were also undefined:

@When(&quot;I add {int} and {int}&quot;)
public void i_add_and(Integer int1, Integer int2) {
    // Write code here that turns the phrase above into concrete actions
    throw new io.cucumber.java.PendingException();
}
@Then(&quot;result is {int}&quot;)
public void result_is(Integer int1) {
    // Write code here that turns the phrase above into concrete actions
    throw new io.cucumber.java.PendingException();
}
" type="io.cucumber.junit.UndefinedStepException">io.cucumber.junit.UndefinedStepException: The step &quot;Calculator is started&quot; is undefined. You can implement it using the snippet(s) below:

@Given(&quot;Calculator is started&quot;)
public void calculator_is_started() {
    // Write code here that turns the phrase above into concrete actions
    throw new io.cucumber.java.PendingException();
}


Some other steps were also undefined:

@When(&quot;I add {int} and {int}&quot;)
public void i_add_and(Integer int1, Integer int2) {
    // Write code here that turns the phrase above into concrete actions
    throw new io.cucumber.java.PendingException();
}
@Then(&quot;result is {int}&quot;)
public void result_is(Integer int1) {
    // Write code here that turns the phrase above into concrete actions
    throw new io.cucumber.java.PendingException();
}

</error>
    <system-out>
Scenario Outline: Summing different numbers with zero for result 7 &amp;#27;[90m# CucumberTests/Sum.feature:14&amp;#27;[0m
  &amp;#27;[33mGiven &amp;#27;[0m&amp;#27;[33mCalculator is started&amp;#27;[0m                                      &amp;#27;[90m# null&amp;#27;[0m
  &amp;#27;[36mWhen &amp;#27;[0m&amp;#27;[36mI add 0 and 7&amp;#27;[0m                                               &amp;#27;[90m# null&amp;#27;[0m
  &amp;#27;[36mThen &amp;#27;[0m&amp;#27;[36mresult is 7&amp;#27;[0m                                                 &amp;#27;[90m# null&amp;#27;[0m
</system-out>
  </testcase>
  <testcase classname="Test summing" name="Summing different numbers with zero for result 0" time="0.004">
    <error message="The step &quot;Calculator is started&quot; is undefined. You can implement it using the snippet(s) below:

@Given(&quot;Calculator is started&quot;)
public void calculator_is_started() {
    // Write code here that turns the phrase above into concrete actions
    throw new io.cucumber.java.PendingException();
}


Some other steps were also undefined:

@When(&quot;I add {int} and {int}&quot;)
public void i_add_and(Integer int1, Integer int2) {
    // Write code here that turns the phrase above into concrete actions
    throw new io.cucumber.java.PendingException();
}
@Then(&quot;result is {int}&quot;)
public void result_is(Integer int1) {
    // Write code here that turns the phrase above into concrete actions
    throw new io.cucumber.java.PendingException();
}
" type="io.cucumber.junit.UndefinedStepException">io.cucumber.junit.UndefinedStepException: The step &quot;Calculator is started&quot; is undefined. You can implement it using the snippet(s) below:

@Given(&quot;Calculator is started&quot;)
public void calculator_is_started() {
    // Write code here that turns the phrase above into concrete actions
    throw new io.cucumber.java.PendingException();
}


Some other steps were also undefined:

@When(&quot;I add {int} and {int}&quot;)
public void i_add_and(Integer int1, Integer int2) {
    // Write code here that turns the phrase above into concrete actions
    throw new io.cucumber.java.PendingException();
}
@Then(&quot;result is {int}&quot;)
public void result_is(Integer int1) {
    // Write code here that turns the phrase above into concrete actions
    throw new io.cucumber.java.PendingException();
}

</error>
    <system-out>
Scenario Outline: Summing different numbers with zero for result 0 &amp;#27;[90m# CucumberTests/Sum.feature:15&amp;#27;[0m
  &amp;#27;[33mGiven &amp;#27;[0m&amp;#27;[33mCalculator is started&amp;#27;[0m                                      &amp;#27;[90m# null&amp;#27;[0m
  &amp;#27;[36mWhen &amp;#27;[0m&amp;#27;[36mI add 0 and 0&amp;#27;[0m                                               &amp;#27;[90m# null&amp;#27;[0m
  &amp;#27;[36mThen &amp;#27;[0m&amp;#27;[36mresult is 0&amp;#27;[0m                                                 &amp;#27;[90m# null&amp;#27;[0m
</system-out>
  </testcase>
  <testcase classname="Test summing" name="Summing different numbers with zero for result -6" time="0.004">
    <error message="The step &quot;Calculator is started&quot; is undefined. You can implement it using the snippet(s) below:

@Given(&quot;Calculator is started&quot;)
public void calculator_is_started() {
    // Write code here that turns the phrase above into concrete actions
    throw new io.cucumber.java.PendingException();
}


Some other steps were also undefined:

@When(&quot;I add {int} and {int}&quot;)
public void i_add_and(Integer int1, Integer int2) {
    // Write code here that turns the phrase above into concrete actions
    throw new io.cucumber.java.PendingException();
}
@Then(&quot;result is {int}&quot;)
public void result_is(Integer int1) {
    // Write code here that turns the phrase above into concrete actions
    throw new io.cucumber.java.PendingException();
}
" type="io.cucumber.junit.UndefinedStepException">io.cucumber.junit.UndefinedStepException: The step &quot;Calculator is started&quot; is undefined. You can implement it using the snippet(s) below:

@Given(&quot;Calculator is started&quot;)
public void calculator_is_started() {
    // Write code here that turns the phrase above into concrete actions
    throw new io.cucumber.java.PendingException();
}


Some other steps were also undefined:

@When(&quot;I add {int} and {int}&quot;)
public void i_add_and(Integer int1, Integer int2) {
    // Write code here that turns the phrase above into concrete actions
    throw new io.cucumber.java.PendingException();
}
@Then(&quot;result is {int}&quot;)
public void result_is(Integer int1) {
    // Write code here that turns the phrase above into concrete actions
    throw new io.cucumber.java.PendingException();
}

</error>
    <system-out>
Scenario Outline: Summing different numbers with zero for result -6 &amp;#27;[90m# CucumberTests/Sum.feature:16&amp;#27;[0m
  &amp;#27;[33mGiven &amp;#27;[0m&amp;#27;[33mCalculator is started&amp;#27;[0m                                       &amp;#27;[90m# null&amp;#27;[0m
  &amp;#27;[36mWhen &amp;#27;[0m&amp;#27;[36mI add -6 and 0&amp;#27;[0m                                               &amp;#27;[90m# null&amp;#27;[0m
  &amp;#27;[36mThen &amp;#27;[0m&amp;#27;[36mresult is -6&amp;#27;[0m                                                 &amp;#27;[90m# null&amp;#27;[0m
</system-out>
  </testcase>
  <testcase classname="Test summing" name="Summing with zero" time="0.004">
    <error message="The step &quot;Calculator is started&quot; is undefined. You can implement it using the snippet(s) below:

@Given(&quot;Calculator is started&quot;)
public void calculator_is_started() {
    // Write code here that turns the phrase above into concrete actions
    throw new io.cucumber.java.PendingException();
}


Some other steps were also undefined:

@When(&quot;I add {int} and {int}&quot;)
public void i_add_and(Integer int1, Integer int2) {
    // Write code here that turns the phrase above into concrete actions
    throw new io.cucumber.java.PendingException();
}
@Then(&quot;result is {int}&quot;)
public void result_is(Integer int1) {
    // Write code here that turns the phrase above into concrete actions
    throw new io.cucumber.java.PendingException();
}
" type="io.cucumber.junit.UndefinedStepException">io.cucumber.junit.UndefinedStepException: The step &quot;Calculator is started&quot; is undefined. You can implement it using the snippet(s) below:

@Given(&quot;Calculator is started&quot;)
public void calculator_is_started() {
    // Write code here that turns the phrase above into concrete actions
    throw new io.cucumber.java.PendingException();
}


Some other steps were also undefined:

@When(&quot;I add {int} and {int}&quot;)
public void i_add_and(Integer int1, Integer int2) {
    // Write code here that turns the phrase above into concrete actions
    throw new io.cucumber.java.PendingException();
}
@Then(&quot;result is {int}&quot;)
public void result_is(Integer int1) {
    // Write code here that turns the phrase above into concrete actions
    throw new io.cucumber.java.PendingException();
}

</error>
    <system-out>
Scenario: Summing with zero   &amp;#27;[90m# CucumberTests/SumDataTable.feature:3&amp;#27;[0m
  &amp;#27;[33mGiven &amp;#27;[0m&amp;#27;[33mCalculator is started&amp;#27;[0m &amp;#27;[90m# null&amp;#27;[0m
  &amp;#27;[36mWhen &amp;#27;[0m&amp;#27;[36mI add 0 and 3&amp;#27;[0m          &amp;#27;[90m# null&amp;#27;[0m
  &amp;#27;[36mThen &amp;#27;[0m&amp;#27;[36mresult is 3&amp;#27;[0m            &amp;#27;[90m# null&amp;#27;[0m
</system-out>
  </testcase>
  <testcase classname="Test summing" name="Summing with zero" time="0.003">
    <error message="The step &quot;Calculator is started&quot; is undefined. You can implement it using the snippet(s) below:

@Given(&quot;Calculator is started&quot;)
public void calculator_is_started() {
    // Write code here that turns the phrase above into concrete actions
    throw new io.cucumber.java.PendingException();
}


Some other steps were also undefined:

@When(&quot;I read parameters by DataTable&quot;)
public void i_read_parameters_by_DataTable() {
    // Write code here that turns the phrase above into concrete actions
    throw new io.cucumber.java.PendingException();
}
@Then(&quot;result is {int}&quot;)
public void result_is(Integer int1) {
    // Write code here that turns the phrase above into concrete actions
    throw new io.cucumber.java.PendingException();
}
" type="io.cucumber.junit.UndefinedStepException">io.cucumber.junit.UndefinedStepException: The step &quot;Calculator is started&quot; is undefined. You can implement it using the snippet(s) below:

@Given(&quot;Calculator is started&quot;)
public void calculator_is_started() {
    // Write code here that turns the phrase above into concrete actions
    throw new io.cucumber.java.PendingException();
}


Some other steps were also undefined:

@When(&quot;I read parameters by DataTable&quot;)
public void i_read_parameters_by_DataTable() {
    // Write code here that turns the phrase above into concrete actions
    throw new io.cucumber.java.PendingException();
}
@Then(&quot;result is {int}&quot;)
public void result_is(Integer int1) {
    // Write code here that turns the phrase above into concrete actions
    throw new io.cucumber.java.PendingException();
}

</error>
    <system-out>
Scenario: Summing with zero           &amp;#27;[90m# CucumberTests/SumDataTable.feature:8&amp;#27;[0m
  &amp;#27;[33mGiven &amp;#27;[0m&amp;#27;[33mCalculator is started&amp;#27;[0m         &amp;#27;[90m# null&amp;#27;[0m
  &amp;#27;[36mWhen &amp;#27;[0m&amp;#27;[36mI read parameters by DataTable&amp;#27;[0m &amp;#27;[90m# null&amp;#27;[0m
  &amp;#27;[36mThen &amp;#27;[0m&amp;#27;[36mresult is 3&amp;#27;[0m                    &amp;#27;[90m# null&amp;#27;[0m
</system-out>
  </testcase>
  <testcase classname="Sumowanie" name="Sumowanie różnych liczb z zerem daje wynik 7" time="0.004">
    <error message="The step &quot;kalkulator jest włączony&quot; is undefined. You can implement it using the snippet(s) below:

@Zakładającże(&quot;kalkulator jest włączony&quot;)
public void kalkulator_jest_włączony() {
    // Write code here that turns the phrase above into concrete actions
    throw new io.cucumber.java.PendingException();
}


Some other steps were also undefined:

@Kiedy(&quot;dodaję {int} i {int}&quot;)
public void dodaję_i(Integer int1, Integer int2) {
    // Write code here that turns the phrase above into concrete actions
    throw new io.cucumber.java.PendingException();
}
@Wtedy(&quot;wynik wynosi {int}&quot;)
public void wynik_wynosi(Integer int1) {
    // Write code here that turns the phrase above into concrete actions
    throw new io.cucumber.java.PendingException();
}
" type="io.cucumber.junit.UndefinedStepException">io.cucumber.junit.UndefinedStepException: The step &quot;kalkulator jest włączony&quot; is undefined. You can implement it using the snippet(s) below:

@Zakładającże(&quot;kalkulator jest włączony&quot;)
public void kalkulator_jest_włączony() {
    // Write code here that turns the phrase above into concrete actions
    throw new io.cucumber.java.PendingException();
}


Some other steps were also undefined:

@Kiedy(&quot;dodaję {int} i {int}&quot;)
public void dodaję_i(Integer int1, Integer int2) {
    // Write code here that turns the phrase above into concrete actions
    throw new io.cucumber.java.PendingException();
}
@Wtedy(&quot;wynik wynosi {int}&quot;)
public void wynik_wynosi(Integer int1) {
    // Write code here that turns the phrase above into concrete actions
    throw new io.cucumber.java.PendingException();
}

</error>
    <system-out>
Szablon scenariusza: Sumowanie różnych liczb z zerem daje wynik 7 &amp;#27;[90m# CucumberTests/Sumowanie.feature:20&amp;#27;[0m
  &amp;#27;[33mZakładając, że &amp;#27;[0m&amp;#27;[33mkalkulator jest włączony&amp;#27;[0m                         &amp;#27;[90m# null&amp;#27;[0m
  &amp;#27;[36mKiedy &amp;#27;[0m&amp;#27;[36mdodaję 0 i 7&amp;#27;[0m                                              &amp;#27;[90m# null&amp;#27;[0m
  &amp;#27;[36mWtedy &amp;#27;[0m&amp;#27;[36mwynik wynosi 7&amp;#27;[0m                                            &amp;#27;[90m# null&amp;#27;[0m
</system-out>
  </testcase>
  <testcase classname="Sumowanie" name="Sumowanie różnych liczb z zerem daje wynik 0" time="0.003">
    <error message="The step &quot;kalkulator jest włączony&quot; is undefined. You can implement it using the snippet(s) below:

@Zakładającże(&quot;kalkulator jest włączony&quot;)
public void kalkulator_jest_włączony() {
    // Write code here that turns the phrase above into concrete actions
    throw new io.cucumber.java.PendingException();
}


Some other steps were also undefined:

@Kiedy(&quot;dodaję {int} i {int}&quot;)
public void dodaję_i(Integer int1, Integer int2) {
    // Write code here that turns the phrase above into concrete actions
    throw new io.cucumber.java.PendingException();
}
@Wtedy(&quot;wynik wynosi {int}&quot;)
public void wynik_wynosi(Integer int1) {
    // Write code here that turns the phrase above into concrete actions
    throw new io.cucumber.java.PendingException();
}
" type="io.cucumber.junit.UndefinedStepException">io.cucumber.junit.UndefinedStepException: The step &quot;kalkulator jest włączony&quot; is undefined. You can implement it using the snippet(s) below:

@Zakładającże(&quot;kalkulator jest włączony&quot;)
public void kalkulator_jest_włączony() {
    // Write code here that turns the phrase above into concrete actions
    throw new io.cucumber.java.PendingException();
}


Some other steps were also undefined:

@Kiedy(&quot;dodaję {int} i {int}&quot;)
public void dodaję_i(Integer int1, Integer int2) {
    // Write code here that turns the phrase above into concrete actions
    throw new io.cucumber.java.PendingException();
}
@Wtedy(&quot;wynik wynosi {int}&quot;)
public void wynik_wynosi(Integer int1) {
    // Write code here that turns the phrase above into concrete actions
    throw new io.cucumber.java.PendingException();
}

</error>
    <system-out>
Szablon scenariusza: Sumowanie różnych liczb z zerem daje wynik 0 &amp;#27;[90m# CucumberTests/Sumowanie.feature:21&amp;#27;[0m
  &amp;#27;[33mZakładając, że &amp;#27;[0m&amp;#27;[33mkalkulator jest włączony&amp;#27;[0m                         &amp;#27;[90m# null&amp;#27;[0m
  &amp;#27;[36mKiedy &amp;#27;[0m&amp;#27;[36mdodaję 0 i 0&amp;#27;[0m                                              &amp;#27;[90m# null&amp;#27;[0m
  &amp;#27;[36mWtedy &amp;#27;[0m&amp;#27;[36mwynik wynosi 0&amp;#27;[0m                                            &amp;#27;[90m# null&amp;#27;[0m
</system-out>
  </testcase>
  <testcase classname="Sumowanie" name="Sumowanie różnych liczb z zerem daje wynik -6" time="0.003">
    <error message="The step &quot;kalkulator jest włączony&quot; is undefined. You can implement it using the snippet(s) below:

@Zakładającże(&quot;kalkulator jest włączony&quot;)
public void kalkulator_jest_włączony() {
    // Write code here that turns the phrase above into concrete actions
    throw new io.cucumber.java.PendingException();
}


Some other steps were also undefined:

@Kiedy(&quot;dodaję {int} i {int}&quot;)
public void dodaję_i(Integer int1, Integer int2) {
    // Write code here that turns the phrase above into concrete actions
    throw new io.cucumber.java.PendingException();
}
@Wtedy(&quot;wynik wynosi {int}&quot;)
public void wynik_wynosi(Integer int1) {
    // Write code here that turns the phrase above into concrete actions
    throw new io.cucumber.java.PendingException();
}
" type="io.cucumber.junit.UndefinedStepException">io.cucumber.junit.UndefinedStepException: The step &quot;kalkulator jest włączony&quot; is undefined. You can implement it using the snippet(s) below:

@Zakładającże(&quot;kalkulator jest włączony&quot;)
public void kalkulator_jest_włączony() {
    // Write code here that turns the phrase above into concrete actions
    throw new io.cucumber.java.PendingException();
}


Some other steps were also undefined:

@Kiedy(&quot;dodaję {int} i {int}&quot;)
public void dodaję_i(Integer int1, Integer int2) {
    // Write code here that turns the phrase above into concrete actions
    throw new io.cucumber.java.PendingException();
}
@Wtedy(&quot;wynik wynosi {int}&quot;)
public void wynik_wynosi(Integer int1) {
    // Write code here that turns the phrase above into concrete actions
    throw new io.cucumber.java.PendingException();
}

</error>
    <system-out>
Szablon scenariusza: Sumowanie różnych liczb z zerem daje wynik -6 &amp;#27;[90m# CucumberTests/Sumowanie.feature:22&amp;#27;[0m
  &amp;#27;[33mZakładając, że &amp;#27;[0m&amp;#27;[33mkalkulator jest włączony&amp;#27;[0m                          &amp;#27;[90m# null&amp;#27;[0m
  &amp;#27;[36mKiedy &amp;#27;[0m&amp;#27;[36mdodaję -6 i 0&amp;#27;[0m                                              &amp;#27;[90m# null&amp;#27;[0m
  &amp;#27;[36mWtedy &amp;#27;[0m&amp;#27;[36mwynik wynosi -6&amp;#27;[0m                                            &amp;#27;[90m# null&amp;#27;[0m
</system-out>
  </testcase>
  <testcase classname="Sumowanie" name="Sumowanie różnych liczb z zerem daje wynik 4" time="0.004">
    <error message="The step &quot;kalkulator jest włączony&quot; is undefined. You can implement it using the snippet(s) below:

@Zakładającże(&quot;kalkulator jest włączony&quot;)
public void kalkulator_jest_włączony() {
    // Write code here that turns the phrase above into concrete actions
    throw new io.cucumber.java.PendingException();
}


Some other steps were also undefined:

@Kiedy(&quot;dodaję {int} i {int}&quot;)
public void dodaję_i(Integer int1, Integer int2) {
    // Write code here that turns the phrase above into concrete actions
    throw new io.cucumber.java.PendingException();
}
@Wtedy(&quot;wynik wynosi {int}&quot;)
public void wynik_wynosi(Integer int1) {
    // Write code here that turns the phrase above into concrete actions
    throw new io.cucumber.java.PendingException();
}
" type="io.cucumber.junit.UndefinedStepException">io.cucumber.junit.UndefinedStepException: The step &quot;kalkulator jest włączony&quot; is undefined. You can implement it using the snippet(s) below:

@Zakładającże(&quot;kalkulator jest włączony&quot;)
public void kalkulator_jest_włączony() {
    // Write code here that turns the phrase above into concrete actions
    throw new io.cucumber.java.PendingException();
}


Some other steps were also undefined:

@Kiedy(&quot;dodaję {int} i {int}&quot;)
public void dodaję_i(Integer int1, Integer int2) {
    // Write code here that turns the phrase above into concrete actions
    throw new io.cucumber.java.PendingException();
}
@Wtedy(&quot;wynik wynosi {int}&quot;)
public void wynik_wynosi(Integer int1) {
    // Write code here that turns the phrase above into concrete actions
    throw new io.cucumber.java.PendingException();
}

</error>
    <system-out>
Szablon scenariusza: Sumowanie różnych liczb z zerem daje wynik 4 &amp;#27;[90m# CucumberTests/Sumowanie.feature:23&amp;#27;[0m
  &amp;#27;[33mZakładając, że &amp;#27;[0m&amp;#27;[33mkalkulator jest włączony&amp;#27;[0m                         &amp;#27;[90m# null&amp;#27;[0m
  &amp;#27;[36mKiedy &amp;#27;[0m&amp;#27;[36mdodaję 4 i 0&amp;#27;[0m                                              &amp;#27;[90m# null&amp;#27;[0m
  &amp;#27;[36mWtedy &amp;#27;[0m&amp;#27;[36mwynik wynosi 4&amp;#27;[0m                                            &amp;#27;[90m# null&amp;#27;[0m
</system-out>
  </testcase>
</testsuite>